---------------------Version 1--------------------------

Milestone 01A (1#M01A):
	-Version intial

Milestone 01B (1#M01B):
	-Divers corrections

Milestone 02A (1#M02A):
	-Supression de Y_Language / Y_Text (qui étais intégré à Y_Users)
	-La fonction SendMessageToNearPlayers() utilise désormais les couleurs "embeded" (1 couleur pour le nom du joueur, 1 autre pour le message)
	-Correction d'un minuscule oubli

Milestone 02B (1#M02B):
	-Corrections de bugs liés à foreach

Milestone 03 (1#M03A):
	-Systeme d'inscription & login continué
	-Divers optimisations mineurs

Milestone 04 (1#M04A):
	-Programmation pseudo-modulaire

Milestone 04B (1#M04B):
	-Préparation en vue du systeme de vehicules
	-Préparation en vue du systeme d'administration

Milestone 05A (1#M05A):
	-Mise en place des couleurs (boite de dialogue)
	-Amélioration de la mise en page
	-Ajouts de couleurs

Milestone 06A (1#M06A):
	-Correction d'une erreur mineur au nivaeu des couleurs intégrés
	-Création de la bibliotheque n_carparts (enumeration des différents éléments de tunning).

Milestone 06B (1#M06B):
	-Correction d'une erreur au nivaeu des couleurs intégrés (la précédente correction etais mal faite)
	-Nouvelles callbacks (OnPlayerquit(), OnPlayerKicked() et OnPlayerCrash() )

	